# JRE version: OpenJDK Runtime Environment (11.0.10) (build 11.0.10+0-b96-7249189)
# Java VM: OpenJDK 64-Bit Server VM (11.0.10+0-b96-7249189, mixed mode, tiered, compressed oops, g1 gc, windows-amd64)
Heap:
 garbage-first heap   total 809984K, used 237800K [0x0000000080000000, 0x0000000100000000)
  region size 1024K, 9 young (9216K), 9 survivors (9216K)
 Metaspace       used 149190K, capacity 154099K, committed 154372K, reserved 1183744K
  class space    used 17472K, capacity 19298K, committed 19392K, reserved 1048576K
GC Heap History (20 events):
Event: 49830.248 GC heap after
{Heap after GC invocations=922 (full 0):
 garbage-first heap   total 299008K, used 181770K [0x0000000080000000, 0x0000000100000000)
  region size 1024K, 2 young (2048K), 2 survivors (2048K)
 Metaspace       used 148554K, capacity 153372K, committed 153732K, reserved 1183744K
  class space    used 17405K, capacity 19186K, committed 19264K, reserved 1048576K
}
Event: 49830.302 GC heap before
{Heap before GC invocations=922 (full 0):
 garbage-first heap   total 299008K, used 237066K [0x0000000080000000, 0x0000000100000000)
  region size 1024K, 56 young (57344K), 2 survivors (2048K)
 Metaspace       used 148591K, capacity 153465K, committed 153732K, reserved 1183744K
  class space    used 17411K, capacity 19196K, committed 19264K, reserved 1048576K
}
Event: 49830.311 GC heap after
{Heap after GC invocations=923 (full 0):
 garbage-first heap   total 299008K, used 188066K [0x0000000080000000, 0x0000000100000000)
  region size 1024K, 7 young (7168K), 7 survivors (7168K)
 Metaspace       used 148591K, capacity 153465K, committed 153732K, reserved 1183744K
  class space    used 17411K, capacity 19196K, committed 19264K, reserved 1048576K
}
Event: 49830.435 GC heap before
{Heap before GC invocations=923 (full 0):
 garbage-first heap   total 299008K, used 240290K [0x0000000080000000, 0x0000000100000000)
  region size 1024K, 59 young (60416K), 7 survivors (7168K)
 Metaspace       used 148594K, capacity 153465K, committed 153732K, reserved 1183744K
  class space    used 17411K, capacity 19196K, committed 19264K, reserved 1048576K
}
Event: 49830.446 GC heap after
{Heap after GC invocations=924 (full 0):
 garbage-first heap   total 299008K, used 196143K [0x0000000080000000, 0x0000000100000000)
  region size 1024K, 8 young (8192K), 8 survivors (8192K)
 Metaspace       used 148594K, capacity 153465K, committed 153732K, reserved 1183744K
  class space    used 17411K, capacity 19196K, committed 19264K, reserved 1048576K
}
Event: 49830.592 GC heap before
{Heap before GC invocations=924 (full 0):
 garbage-first heap   total 299008K, used 244271K [0x0000000080000000, 0x0000000100000000)
  region size 1024K, 56 young (57344K), 8 survivors (8192K)
 Metaspace       used 148555K, capacity 153386K, committed 153732K, reserved 1183744K
  class space    used 17396K, capacity 19169K, committed 19264K, reserved 1048576K
}
Event: 49830.603 GC heap after
{Heap after GC invocations=925 (full 0):
 garbage-first heap   total 299008K, used 201196K [0x0000000080000000, 0x0000000100000000)
  region size 1024K, 6 young (6144K), 6 survivors (6144K)
 Metaspace       used 148555K, capacity 153386K, committed 153732K, reserved 1183744K
  class space    used 17396K, capacity 19169K, committed 19264K, reserved 1048576K
}
Event: 49830.699 GC heap before
{Heap before GC invocations=926 (full 0):
 garbage-first heap   total 299008K, used 246252K [0x0000000080000000, 0x0000000100000000)
  region size 1024K, 51 young (52224K), 6 survivors (6144K)
 Metaspace       used 148606K, capacity 153387K, committed 153732K, reserved 1183744K
  class space    used 17398K, capacity 19169K, committed 19264K, reserved 1048576K
}
Event: 49830.707 GC heap after
{Heap after GC invocations=927 (full 0):
 garbage-first heap   total 299008K, used 204091K [0x0000000080000000, 0x0000000100000000)
  region size 1024K, 4 young (4096K), 4 survivors (4096K)
 Metaspace       used 148606K, capacity 153387K, committed 153732K, reserved 1183744K
  class space    used 17398K, capacity 19169K, committed 19264K, reserved 1048576K
}
Event: 49830.736 GC heap before
{Heap before GC invocations=927 (full 0):
 garbage-first heap   total 299008K, used 214331K [0x0000000080000000, 0x0000000100000000)
  region size 1024K, 14 young (14336K), 4 survivors (4096K)
 Metaspace       used 148652K, capacity 153460K, committed 153732K, reserved 1183744K
  class space    used 17403K, capacity 19172K, committed 19264K, reserved 1048576K
}
Event: 49830.746 GC heap after
{Heap after GC invocations=928 (full 0):
 garbage-first heap   total 299008K, used 199901K [0x0000000080000000, 0x0000000100000000)
  region size 1024K, 2 young (2048K), 2 survivors (2048K)
 Metaspace       used 148652K, capacity 153460K, committed 153732K, reserved 1183744K
  class space    used 17403K, capacity 19172K, committed 19264K, reserved 1048576K
}
Event: 49830.839 GC heap before
{Heap before GC invocations=928 (full 0):
 garbage-first heap   total 299008K, used 250077K [0x0000000080000000, 0x0000000100000000)
  region size 1024K, 51 young (52224K), 2 survivors (2048K)
 Metaspace       used 148735K, capacity 153594K, committed 153732K, reserved 1183744K
  class space    used 17420K, capacity 19217K, committed 19264K, reserved 1048576K
}
Event: 49830.852 GC heap after
{Heap after GC invocations=929 (full 0):
 garbage-first heap   total 478208K, used 202343K [0x0000000080000000, 0x0000000100000000)
  region size 1024K, 4 young (4096K), 4 survivors (4096K)
 Metaspace       used 148735K, capacity 153594K, committed 153732K, reserved 1183744K
  class space    used 17420K, capacity 19217K, committed 19264K, reserved 1048576K
}
Event: 49831.279 GC heap before
{Heap before GC invocations=930 (full 0):
 garbage-first heap   total 478208K, used 370279K [0x0000000080000000, 0x0000000100000000)
  region size 1024K, 169 young (173056K), 4 survivors (4096K)
 Metaspace       used 148926K, capacity 153799K, committed 153988K, reserved 1183744K
  class space    used 17446K, capacity 19243K, committed 19264K, reserved 1048576K
}
Event: 49831.292 GC heap after
{Heap after GC invocations=931 (full 0):
 garbage-first heap   total 478208K, used 210310K [0x0000000080000000, 0x0000000100000000)
  region size 1024K, 12 young (12288K), 12 survivors (12288K)
 Metaspace       used 148926K, capacity 153799K, committed 153988K, reserved 1183744K
  class space    used 17446K, capacity 19243K, committed 19264K, reserved 1048576K
}
Event: 49831.467 GC heap before
{Heap before GC invocations=931 (full 0):
 garbage-first heap   total 478208K, used 378246K [0x0000000080000000, 0x0000000100000000)
  region size 1024K, 177 young (181248K), 12 survivors (12288K)
 Metaspace       used 149086K, capacity 153999K, committed 154116K, reserved 1183744K
  class space    used 17466K, capacity 19288K, committed 19392K, reserved 1048576K
}
Event: 49831.515 GC heap after
{Heap after GC invocations=932 (full 0):
 garbage-first heap   total 478208K, used 229841K [0x0000000080000000, 0x0000000100000000)
  region size 1024K, 23 young (23552K), 23 survivors (23552K)
 Metaspace       used 149086K, capacity 153999K, committed 154116K, reserved 1183744K
  class space    used 17466K, capacity 19288K, committed 19392K, reserved 1048576K
}
Event: 49831.829 GC heap before
{Heap before GC invocations=932 (full 0):
 garbage-first heap   total 478208K, used 382417K [0x0000000080000000, 0x0000000100000000)
  region size 1024K, 172 young (176128K), 23 survivors (23552K)
 Metaspace       used 149148K, capacity 154013K, committed 154116K, reserved 1183744K
  class space    used 17469K, capacity 19292K, committed 19392K, reserved 1048576K
}
Event: 49831.850 GC heap after
{Heap after GC invocations=933 (full 0):
 garbage-first heap   total 478208K, used 234728K [0x0000000080000000, 0x0000000100000000)
  region size 1024K, 6 young (6144K), 6 survivors (6144K)
 Metaspace       used 149148K, capacity 154013K, committed 154116K, reserved 1183744K
  class space    used 17469K, capacity 19292K, committed 19392K, reserved 1048576K
}
Event: 49832.000 GC heap before
{Heap before GC invocations=934 (full 0):
 garbage-first heap   total 478208K, used 388328K [0x0000000080000000, 0x0000000100000000)
  region size 1024K, 157 young (160768K), 6 survivors (6144K)
 Metaspace       used 149190K, capacity 154099K, committed 154372K, reserved 1183744K
  class space    used 17472K, capacity 19298K, committed 19392K, reserved 1048576K
}

